<?xml version="1.0" encoding="UTF-8"?>
<testsuite xmlns:xsi="http://www.w3.org/2001/XMLSchema-instance" xsi:noNamespaceSchemaLocation="https://maven.apache.org/surefire/maven-surefire-plugin/xsd/surefire-test-report.xsd" name="order.OrderCreateTest" time="6.175" tests="4" errors="0" skipped="0" failures="0">
  <properties>
[...]
</properties>
  <testcase name="createNewOrderWithoutAuthorizationPositiveTest" classname="order.OrderCreateTest" time="1.653"/>
  <testcase name="createOrderWithoutIngredientsNegativeTest" classname="order.OrderCreateTest" time="1.308"/>
  <testcase name="createNewOrderPositiveTest" classname="order.OrderCreateTest" time="1.903"/>
  <testcase name="createOrderWithInvalidIngredientHashesNegativeTest" classname="order.OrderCreateTest" time="1.307"/>
</testsuite>